


ARM Macro Assembler    Page 1 


    1 00000000         ;/******************************************************
                       ********************//**
    2 00000000         ; * @file startup_efm32zg.s
    3 00000000         ; * @brief    CMSIS Core Device Startup File for
    4 00000000         ; *           Silicon Labs EFM32ZG Device Series
    5 00000000         ; * @version 5.0.0
    6 00000000         ; * @date     03. February 2012
    7 00000000         ; *
    8 00000000         ; * @note
    9 00000000         ; * Copyright (C) 2012 ARM Limited. All rights reserved.
                       
   10 00000000         ; *
   11 00000000         ; * @par
   12 00000000         ; * ARM Limited (ARM) is supplying this software for use
                        with Cortex-M
   13 00000000         ; * processor based microcontrollers.  This file can be 
                       freely distributed
   14 00000000         ; * within development tools that are supporting such AR
                       M based processors.
   15 00000000         ; *
   16 00000000         ; * @par
   17 00000000         ; * THIS SOFTWARE IS PROVIDED "AS IS".  NO WARRANTIES, W
                       HETHER EXPRESS, IMPLIED
   18 00000000         ; * OR STATUTORY, INCLUDING, BUT NOT LIMITED TO, IMPLIED
                        WARRANTIES OF
   19 00000000         ; * MERCHANTABILITY AND FITNESS FOR A PARTICULAR PURPOSE
                        APPLY TO THIS SOFTWARE.
   20 00000000         ; * ARM SHALL NOT, IN ANY CIRCUMSTANCES, BE LIABLE FOR S
                       PECIAL, INCIDENTAL, OR
   21 00000000         ; * CONSEQUENTIAL DAMAGES, FOR ANY REASON WHATSOEVER.
   22 00000000         ; *
   23 00000000         ; ******************************************************
                       ************************/
   24 00000000         ;/*
   25 00000000         ;//-------- <<< Use Configuration Wizard in Context Menu
                        >>> ------------------
   26 00000000         ;*/
   27 00000000         
   28 00000000         ; <h> Stack Configuration
   29 00000000         ;   <o> Stack Size (in Bytes) <0x0-0xFFFFFFFF:8>
   30 00000000         ; </h>
   31 00000000                 IF               :DEF: __STACK_SIZE
   34 00000000 00000400 
                       Stack_Size
                               EQU              0x00000400
   35 00000000                 ENDIF
   36 00000000         
   37 00000000                 AREA             STACK, NOINIT, READWRITE, ALIGN
=3
   38 00000000         Stack_Mem
                               SPACE            Stack_Size
   39 00000400         __initial_sp
   40 00000400         
   41 00000400         
   42 00000400         ; <h> Heap Configuration
   43 00000400         ;   <o>  Heap Size (in Bytes) <0x0-0xFFFFFFFF:8>
   44 00000400         ; </h>
   45 00000400                 IF               :DEF: __HEAP_SIZE
   48 00000400 00000000 



ARM Macro Assembler    Page 2 


                       Heap_Size
                               EQU              0x0
   49 00000400                 ENDIF
   50 00000400         
   51 00000400                 AREA             HEAP, NOINIT, READWRITE, ALIGN=
3
   52 00000000         __heap_base
   53 00000000         Heap_Mem
                               SPACE            Heap_Size
   54 00000000         __heap_limit
   55 00000000         
   56 00000000         
   57 00000000                 PRESERVE8
   58 00000000                 THUMB
   59 00000000         
   60 00000000         
   61 00000000         ; Vector Table Mapped to Address 0 at Reset
   62 00000000         
   63 00000000                 AREA             RESET, DATA, READONLY, ALIGN=8
   64 00000000                 EXPORT           __Vectors
   65 00000000                 EXPORT           __Vectors_End
   66 00000000                 EXPORT           __Vectors_Size
   67 00000000         
   68 00000000 00000000 
                       __Vectors
                               DCD              __initial_sp ; Top of Stack
   69 00000004 00000000        DCD              Reset_Handler ; Reset Handler
   70 00000008 00000000        DCD              NMI_Handler ; NMI Handler
   71 0000000C 00000000        DCD              HardFault_Handler ; Hard Fault 
                                                            Handler
   72 00000010 00000000        DCD              0           ; Reserved
   73 00000014 00000000        DCD              0           ; Reserved
   74 00000018 00000000        DCD              0           ; Reserved
   75 0000001C 00000000        DCD              0           ; Reserved
   76 00000020 00000000        DCD              0           ; Reserved
   77 00000024 00000000        DCD              0           ; Reserved
   78 00000028 00000000        DCD              0           ; Reserved
   79 0000002C 00000000        DCD              SVC_Handler ; SVCall Handler
   80 00000030 00000000        DCD              0           ; Reserved
   81 00000034 00000000        DCD              0           ; Reserved
   82 00000038 00000000        DCD              PendSV_Handler ; PendSV Handler
                                                            
   83 0000003C 00000000        DCD              SysTick_Handler 
                                                            ; SysTick Handler
   84 00000040         
   85 00000040         ; External Interrupts
   86 00000040         
   87 00000040 00000000        DCD              DMA_IRQHandler 
                                                            ; 0: DMA Interrupt
   88 00000044 00000000        DCD              GPIO_EVEN_IRQHandler ; 1: GPIO_
                                                            EVEN Interrupt
   89 00000048 00000000        DCD              TIMER0_IRQHandler ; 2: TIMER0 I
                                                            nterrupt
   90 0000004C 00000000        DCD              ACMP0_IRQHandler ; 3: ACMP0 Int
                                                            errupt
   91 00000050 00000000        DCD              ADC0_IRQHandler 
                                                            ; 4: ADC0 Interrupt
                                                            
   92 00000054 00000000        DCD              I2C0_IRQHandler 



ARM Macro Assembler    Page 3 


                                                            ; 5: I2C0 Interrupt
                                                            
   93 00000058 00000000        DCD              GPIO_ODD_IRQHandler ; 6: GPIO_O
                                                            DD Interrupt
   94 0000005C 00000000        DCD              TIMER1_IRQHandler ; 7: TIMER1 I
                                                            nterrupt
   95 00000060 00000000        DCD              USART1_RX_IRQHandler ; 8: USART
                                                            1_RX Interrupt
   96 00000064 00000000        DCD              USART1_TX_IRQHandler ; 9: USART
                                                            1_TX Interrupt
   97 00000068 00000000        DCD              LEUART0_IRQHandler ; 10: LEUART
                                                            0 Interrupt
   98 0000006C 00000000        DCD              PCNT0_IRQHandler ; 11: PCNT0 In
                                                            terrupt
   99 00000070 00000000        DCD              RTC_IRQHandler 
                                                            ; 12: RTC Interrupt
                                                            
  100 00000074 00000000        DCD              CMU_IRQHandler 
                                                            ; 13: CMU Interrupt
                                                            
  101 00000078 00000000        DCD              VCMP_IRQHandler ; 14: VCMP Inte
                                                            rrupt
  102 0000007C 00000000        DCD              MSC_IRQHandler 
                                                            ; 15: MSC Interrupt
                                                            
  103 00000080 00000000        DCD              AES_IRQHandler 
                                                            ; 16: AES Interrupt
                                                            
  104 00000084 00000000        DCD              0           ; 17: Reserved
  105 00000088 00000000        DCD              0           ; 18: Reserved
  106 0000008C         
  107 0000008C         __Vectors_End
  108 0000008C 0000008C 
                       __Vectors_Size
                               EQU              __Vectors_End - __Vectors
  109 0000008C         
  110 0000008C                 AREA             |.text|, CODE, READONLY
  111 00000000         
  112 00000000         
  113 00000000         ; Reset Handler
  114 00000000         
  115 00000000         Reset_Handler
                               PROC
  116 00000000                 EXPORT           Reset_Handler             [WEAK
]
  117 00000000                 IMPORT           SystemInit
  118 00000000                 IMPORT           __main
  119 00000000 4804            LDR              R0, =SystemInit
  120 00000002 4780            BLX              R0
  121 00000004 4804            LDR              R0, =__main
  122 00000006 4700            BX               R0
  123 00000008                 ENDP
  124 00000008         
  125 00000008         
  126 00000008         ; Dummy Exception Handlers (infinite loops which can be 
                       modified)
  127 00000008         
  128 00000008         NMI_Handler
                               PROC



ARM Macro Assembler    Page 4 


  129 00000008                 EXPORT           NMI_Handler               [WEAK
]
  130 00000008 E7FE            B                .
  131 0000000A                 ENDP
  133 0000000A         HardFault_Handler
                               PROC
  134 0000000A                 EXPORT           HardFault_Handler         [WEAK
]
  135 0000000A E7FE            B                .
  136 0000000C                 ENDP
  137 0000000C         SVC_Handler
                               PROC
  138 0000000C                 EXPORT           SVC_Handler               [WEAK
]
  139 0000000C E7FE            B                .
  140 0000000E                 ENDP
  141 0000000E         PendSV_Handler
                               PROC
  142 0000000E                 EXPORT           PendSV_Handler            [WEAK
]
  143 0000000E E7FE            B                .
  144 00000010                 ENDP
  145 00000010         SysTick_Handler
                               PROC
  146 00000010                 EXPORT           SysTick_Handler           [WEAK
]
  147 00000010 E7FE            B                .
  148 00000012                 ENDP
  149 00000012         
  150 00000012         Default_Handler
                               PROC
  151 00000012                 EXPORT           DMA_IRQHandler        [WEAK]
  152 00000012                 EXPORT           GPIO_EVEN_IRQHandler        [WE
AK]
  153 00000012                 EXPORT           TIMER0_IRQHandler        [WEAK]
  154 00000012                 EXPORT           ACMP0_IRQHandler        [WEAK]
  155 00000012                 EXPORT           ADC0_IRQHandler        [WEAK]
  156 00000012                 EXPORT           I2C0_IRQHandler        [WEAK]
  157 00000012                 EXPORT           GPIO_ODD_IRQHandler        [WEA
K]
  158 00000012                 EXPORT           TIMER1_IRQHandler        [WEAK]
  159 00000012                 EXPORT           USART1_RX_IRQHandler        [WE
AK]
  160 00000012                 EXPORT           USART1_TX_IRQHandler        [WE
AK]
  161 00000012                 EXPORT           LEUART0_IRQHandler        [WEAK
]
  162 00000012                 EXPORT           PCNT0_IRQHandler        [WEAK]
  163 00000012                 EXPORT           RTC_IRQHandler        [WEAK]
  164 00000012                 EXPORT           CMU_IRQHandler        [WEAK]
  165 00000012                 EXPORT           VCMP_IRQHandler        [WEAK]
  166 00000012                 EXPORT           MSC_IRQHandler        [WEAK]
  167 00000012                 EXPORT           AES_IRQHandler        [WEAK]
  168 00000012         
  169 00000012         
  170 00000012         DMA_IRQHandler
  171 00000012         GPIO_EVEN_IRQHandler
  172 00000012         TIMER0_IRQHandler
  173 00000012         ACMP0_IRQHandler



ARM Macro Assembler    Page 5 


  174 00000012         ADC0_IRQHandler
  175 00000012         I2C0_IRQHandler
  176 00000012         GPIO_ODD_IRQHandler
  177 00000012         TIMER1_IRQHandler
  178 00000012         USART1_RX_IRQHandler
  179 00000012         USART1_TX_IRQHandler
  180 00000012         LEUART0_IRQHandler
  181 00000012         PCNT0_IRQHandler
  182 00000012         RTC_IRQHandler
  183 00000012         CMU_IRQHandler
  184 00000012         VCMP_IRQHandler
  185 00000012         MSC_IRQHandler
  186 00000012         AES_IRQHandler
  187 00000012         
  188 00000012 E7FE            B                .
  189 00000014                 ENDP
  190 00000014         
  191 00000014                 ALIGN
  192 00000014         
  193 00000014         ; User Initial Stack & Heap
  194 00000014         
  195 00000014                 IF               :DEF:__MICROLIB
  196 00000014         
  197 00000014                 EXPORT           __initial_sp
  198 00000014                 EXPORT           __heap_base
  199 00000014                 EXPORT           __heap_limit
  200 00000014         
  201 00000014                 ELSE
  216                          ENDIF
  217 00000014         
  218 00000014                 END
              00000000 
              00000000 
Command Line: --debug --xref --diag_suppress=9931 --cpu=Cortex-M0+ --apcs=inter
work --depend=.\obj\startup_efm32zg_1.d -o.\obj\startup_efm32zg_1.o -I..\ -I..\
..\..\..\..\..\platform\CMSIS\Include -I..\..\..\..\..\..\platform\Device\Silic
onLabs\EFM32ZG\Include -I..\..\..\..\..\..\platform\emlib\inc -I..\..\..\..\..\
..\platform\emdrv\common\inc -I..\..\..\..\..\..\platform\emdrv\rtcdrv\inc -I..
\..\..\..\..\..\platform\emdrv\rtcdrv\config -I..\..\..\..\common\drivers -I..\
..\..\..\common\bsp -I..\..\..\config -I..\..\..\..\..\..\platform\middleware\g
lib -I..\..\..\..\..\..\platform\middleware\glib\glib -I..\..\..\..\..\..\platf
orm\middleware\glib\dmd -I.. -I"D:\programlar\RF Coklu proje\Humidity_Controlle
r\Keil MDK\Humidity\arm\RTE\_weatherstation" -IC:\Keil_v5_1\ARM\PACK\Keil\EFM32
ZGxxx_DFP\1.2.0\Device\EFM32ZG\Include -IC:\Keil_v5_1\ARM\CMSIS\Include --prede
fine="__MICROLIB SETA 1" --predefine="__UVISION_VERSION SETA 522" --predefine="
EFM32ZG222F32 SETA 1" --predefine="EFM32ZG222F32 SETA 1" --list=.\lst\startup_e
fm32zg.lst ..\EFM32ZG\Source\ARM\startup_efm32zg.s



ARM Macro Assembler    Page 1 Alphabetic symbol ordering
Relocatable symbols

STACK 00000000

Symbol: STACK
   Definitions
      At line 37 in file ..\EFM32ZG\Source\ARM\startup_efm32zg.s
   Uses
      None
Comment: STACK unused
Stack_Mem 00000000

Symbol: Stack_Mem
   Definitions
      At line 38 in file ..\EFM32ZG\Source\ARM\startup_efm32zg.s
   Uses
      None
Comment: Stack_Mem unused
__initial_sp 00000400

Symbol: __initial_sp
   Definitions
      At line 39 in file ..\EFM32ZG\Source\ARM\startup_efm32zg.s
   Uses
      At line 68 in file ..\EFM32ZG\Source\ARM\startup_efm32zg.s
      At line 197 in file ..\EFM32ZG\Source\ARM\startup_efm32zg.s

3 symbols



ARM Macro Assembler    Page 1 Alphabetic symbol ordering
Relocatable symbols

HEAP 00000000

Symbol: HEAP
   Definitions
      At line 51 in file ..\EFM32ZG\Source\ARM\startup_efm32zg.s
   Uses
      None
Comment: HEAP unused
Heap_Mem 00000000

Symbol: Heap_Mem
   Definitions
      At line 53 in file ..\EFM32ZG\Source\ARM\startup_efm32zg.s
   Uses
      None
Comment: Heap_Mem unused
__heap_base 00000000

Symbol: __heap_base
   Definitions
      At line 52 in file ..\EFM32ZG\Source\ARM\startup_efm32zg.s
   Uses
      At line 198 in file ..\EFM32ZG\Source\ARM\startup_efm32zg.s
Comment: __heap_base used once
__heap_limit 00000000

Symbol: __heap_limit
   Definitions
      At line 54 in file ..\EFM32ZG\Source\ARM\startup_efm32zg.s
   Uses
      At line 199 in file ..\EFM32ZG\Source\ARM\startup_efm32zg.s
Comment: __heap_limit used once
4 symbols



ARM Macro Assembler    Page 1 Alphabetic symbol ordering
Relocatable symbols

RESET 00000000

Symbol: RESET
   Definitions
      At line 63 in file ..\EFM32ZG\Source\ARM\startup_efm32zg.s
   Uses
      None
Comment: RESET unused
__Vectors 00000000

Symbol: __Vectors
   Definitions
      At line 68 in file ..\EFM32ZG\Source\ARM\startup_efm32zg.s
   Uses
      At line 64 in file ..\EFM32ZG\Source\ARM\startup_efm32zg.s
      At line 108 in file ..\EFM32ZG\Source\ARM\startup_efm32zg.s

__Vectors_End 0000008C

Symbol: __Vectors_End
   Definitions
      At line 107 in file ..\EFM32ZG\Source\ARM\startup_efm32zg.s
   Uses
      At line 65 in file ..\EFM32ZG\Source\ARM\startup_efm32zg.s
      At line 108 in file ..\EFM32ZG\Source\ARM\startup_efm32zg.s

3 symbols



ARM Macro Assembler    Page 1 Alphabetic symbol ordering
Relocatable symbols

.text 00000000

Symbol: .text
   Definitions
      At line 110 in file ..\EFM32ZG\Source\ARM\startup_efm32zg.s
   Uses
      None
Comment: .text unused
ACMP0_IRQHandler 00000012

Symbol: ACMP0_IRQHandler
   Definitions
      At line 173 in file ..\EFM32ZG\Source\ARM\startup_efm32zg.s
   Uses
      At line 90 in file ..\EFM32ZG\Source\ARM\startup_efm32zg.s
      At line 154 in file ..\EFM32ZG\Source\ARM\startup_efm32zg.s

ADC0_IRQHandler 00000012

Symbol: ADC0_IRQHandler
   Definitions
      At line 174 in file ..\EFM32ZG\Source\ARM\startup_efm32zg.s
   Uses
      At line 91 in file ..\EFM32ZG\Source\ARM\startup_efm32zg.s
      At line 155 in file ..\EFM32ZG\Source\ARM\startup_efm32zg.s

AES_IRQHandler 00000012

Symbol: AES_IRQHandler
   Definitions
      At line 186 in file ..\EFM32ZG\Source\ARM\startup_efm32zg.s
   Uses
      At line 103 in file ..\EFM32ZG\Source\ARM\startup_efm32zg.s
      At line 167 in file ..\EFM32ZG\Source\ARM\startup_efm32zg.s

CMU_IRQHandler 00000012

Symbol: CMU_IRQHandler
   Definitions
      At line 183 in file ..\EFM32ZG\Source\ARM\startup_efm32zg.s
   Uses
      At line 100 in file ..\EFM32ZG\Source\ARM\startup_efm32zg.s
      At line 164 in file ..\EFM32ZG\Source\ARM\startup_efm32zg.s

DMA_IRQHandler 00000012

Symbol: DMA_IRQHandler
   Definitions
      At line 170 in file ..\EFM32ZG\Source\ARM\startup_efm32zg.s
   Uses
      At line 87 in file ..\EFM32ZG\Source\ARM\startup_efm32zg.s
      At line 151 in file ..\EFM32ZG\Source\ARM\startup_efm32zg.s

Default_Handler 00000012

Symbol: Default_Handler
   Definitions
      At line 150 in file ..\EFM32ZG\Source\ARM\startup_efm32zg.s
   Uses



ARM Macro Assembler    Page 2 Alphabetic symbol ordering
Relocatable symbols

      None
Comment: Default_Handler unused
GPIO_EVEN_IRQHandler 00000012

Symbol: GPIO_EVEN_IRQHandler
   Definitions
      At line 171 in file ..\EFM32ZG\Source\ARM\startup_efm32zg.s
   Uses
      At line 88 in file ..\EFM32ZG\Source\ARM\startup_efm32zg.s
      At line 152 in file ..\EFM32ZG\Source\ARM\startup_efm32zg.s

GPIO_ODD_IRQHandler 00000012

Symbol: GPIO_ODD_IRQHandler
   Definitions
      At line 176 in file ..\EFM32ZG\Source\ARM\startup_efm32zg.s
   Uses
      At line 93 in file ..\EFM32ZG\Source\ARM\startup_efm32zg.s
      At line 157 in file ..\EFM32ZG\Source\ARM\startup_efm32zg.s

HardFault_Handler 0000000A

Symbol: HardFault_Handler
   Definitions
      At line 133 in file ..\EFM32ZG\Source\ARM\startup_efm32zg.s
   Uses
      At line 71 in file ..\EFM32ZG\Source\ARM\startup_efm32zg.s
      At line 134 in file ..\EFM32ZG\Source\ARM\startup_efm32zg.s

I2C0_IRQHandler 00000012

Symbol: I2C0_IRQHandler
   Definitions
      At line 175 in file ..\EFM32ZG\Source\ARM\startup_efm32zg.s
   Uses
      At line 92 in file ..\EFM32ZG\Source\ARM\startup_efm32zg.s
      At line 156 in file ..\EFM32ZG\Source\ARM\startup_efm32zg.s

LEUART0_IRQHandler 00000012

Symbol: LEUART0_IRQHandler
   Definitions
      At line 180 in file ..\EFM32ZG\Source\ARM\startup_efm32zg.s
   Uses
      At line 97 in file ..\EFM32ZG\Source\ARM\startup_efm32zg.s
      At line 161 in file ..\EFM32ZG\Source\ARM\startup_efm32zg.s

MSC_IRQHandler 00000012

Symbol: MSC_IRQHandler
   Definitions
      At line 185 in file ..\EFM32ZG\Source\ARM\startup_efm32zg.s
   Uses
      At line 102 in file ..\EFM32ZG\Source\ARM\startup_efm32zg.s
      At line 166 in file ..\EFM32ZG\Source\ARM\startup_efm32zg.s

NMI_Handler 00000008

Symbol: NMI_Handler



ARM Macro Assembler    Page 3 Alphabetic symbol ordering
Relocatable symbols

   Definitions
      At line 128 in file ..\EFM32ZG\Source\ARM\startup_efm32zg.s
   Uses
      At line 70 in file ..\EFM32ZG\Source\ARM\startup_efm32zg.s
      At line 129 in file ..\EFM32ZG\Source\ARM\startup_efm32zg.s

PCNT0_IRQHandler 00000012

Symbol: PCNT0_IRQHandler
   Definitions
      At line 181 in file ..\EFM32ZG\Source\ARM\startup_efm32zg.s
   Uses
      At line 98 in file ..\EFM32ZG\Source\ARM\startup_efm32zg.s
      At line 162 in file ..\EFM32ZG\Source\ARM\startup_efm32zg.s

PendSV_Handler 0000000E

Symbol: PendSV_Handler
   Definitions
      At line 141 in file ..\EFM32ZG\Source\ARM\startup_efm32zg.s
   Uses
      At line 82 in file ..\EFM32ZG\Source\ARM\startup_efm32zg.s
      At line 142 in file ..\EFM32ZG\Source\ARM\startup_efm32zg.s

RTC_IRQHandler 00000012

Symbol: RTC_IRQHandler
   Definitions
      At line 182 in file ..\EFM32ZG\Source\ARM\startup_efm32zg.s
   Uses
      At line 99 in file ..\EFM32ZG\Source\ARM\startup_efm32zg.s
      At line 163 in file ..\EFM32ZG\Source\ARM\startup_efm32zg.s

Reset_Handler 00000000

Symbol: Reset_Handler
   Definitions
      At line 115 in file ..\EFM32ZG\Source\ARM\startup_efm32zg.s
   Uses
      At line 69 in file ..\EFM32ZG\Source\ARM\startup_efm32zg.s
      At line 116 in file ..\EFM32ZG\Source\ARM\startup_efm32zg.s

SVC_Handler 0000000C

Symbol: SVC_Handler
   Definitions
      At line 137 in file ..\EFM32ZG\Source\ARM\startup_efm32zg.s
   Uses
      At line 79 in file ..\EFM32ZG\Source\ARM\startup_efm32zg.s
      At line 138 in file ..\EFM32ZG\Source\ARM\startup_efm32zg.s

SysTick_Handler 00000010

Symbol: SysTick_Handler
   Definitions
      At line 145 in file ..\EFM32ZG\Source\ARM\startup_efm32zg.s
   Uses
      At line 83 in file ..\EFM32ZG\Source\ARM\startup_efm32zg.s
      At line 146 in file ..\EFM32ZG\Source\ARM\startup_efm32zg.s



ARM Macro Assembler    Page 4 Alphabetic symbol ordering
Relocatable symbols


TIMER0_IRQHandler 00000012

Symbol: TIMER0_IRQHandler
   Definitions
      At line 172 in file ..\EFM32ZG\Source\ARM\startup_efm32zg.s
   Uses
      At line 89 in file ..\EFM32ZG\Source\ARM\startup_efm32zg.s
      At line 153 in file ..\EFM32ZG\Source\ARM\startup_efm32zg.s

TIMER1_IRQHandler 00000012

Symbol: TIMER1_IRQHandler
   Definitions
      At line 177 in file ..\EFM32ZG\Source\ARM\startup_efm32zg.s
   Uses
      At line 94 in file ..\EFM32ZG\Source\ARM\startup_efm32zg.s
      At line 158 in file ..\EFM32ZG\Source\ARM\startup_efm32zg.s

USART1_RX_IRQHandler 00000012

Symbol: USART1_RX_IRQHandler
   Definitions
      At line 178 in file ..\EFM32ZG\Source\ARM\startup_efm32zg.s
   Uses
      At line 95 in file ..\EFM32ZG\Source\ARM\startup_efm32zg.s
      At line 159 in file ..\EFM32ZG\Source\ARM\startup_efm32zg.s

USART1_TX_IRQHandler 00000012

Symbol: USART1_TX_IRQHandler
   Definitions
      At line 179 in file ..\EFM32ZG\Source\ARM\startup_efm32zg.s
   Uses
      At line 96 in file ..\EFM32ZG\Source\ARM\startup_efm32zg.s
      At line 160 in file ..\EFM32ZG\Source\ARM\startup_efm32zg.s

VCMP_IRQHandler 00000012

Symbol: VCMP_IRQHandler
   Definitions
      At line 184 in file ..\EFM32ZG\Source\ARM\startup_efm32zg.s
   Uses
      At line 101 in file ..\EFM32ZG\Source\ARM\startup_efm32zg.s
      At line 165 in file ..\EFM32ZG\Source\ARM\startup_efm32zg.s

25 symbols



ARM Macro Assembler    Page 1 Alphabetic symbol ordering
Absolute symbols

Heap_Size 00000000

Symbol: Heap_Size
   Definitions
      At line 48 in file ..\EFM32ZG\Source\ARM\startup_efm32zg.s
   Uses
      At line 53 in file ..\EFM32ZG\Source\ARM\startup_efm32zg.s
Comment: Heap_Size used once
Stack_Size 00000400

Symbol: Stack_Size
   Definitions
      At line 34 in file ..\EFM32ZG\Source\ARM\startup_efm32zg.s
   Uses
      At line 38 in file ..\EFM32ZG\Source\ARM\startup_efm32zg.s
Comment: Stack_Size used once
__Vectors_Size 0000008C

Symbol: __Vectors_Size
   Definitions
      At line 108 in file ..\EFM32ZG\Source\ARM\startup_efm32zg.s
   Uses
      At line 66 in file ..\EFM32ZG\Source\ARM\startup_efm32zg.s
Comment: __Vectors_Size used once
3 symbols



ARM Macro Assembler    Page 1 Alphabetic symbol ordering
External symbols

SystemInit 00000000

Symbol: SystemInit
   Definitions
      At line 117 in file ..\EFM32ZG\Source\ARM\startup_efm32zg.s
   Uses
      At line 119 in file ..\EFM32ZG\Source\ARM\startup_efm32zg.s
Comment: SystemInit used once
__main 00000000

Symbol: __main
   Definitions
      At line 118 in file ..\EFM32ZG\Source\ARM\startup_efm32zg.s
   Uses
      At line 121 in file ..\EFM32ZG\Source\ARM\startup_efm32zg.s
Comment: __main used once
2 symbols
379 symbols in table
